<?xml version="1.0" encoding="UTF-8"?>
<!-- Generated by org.testng.reporters.JUnitXMLReporter -->
<testsuite ignored="16" hostname="Anthonys-MacBook.local" failures="0" tests="1" name="Default test" time="0.364" errors="0" timestamp="2022-11-21T02:36:31 EST">
  <testcase classname="classUtilities.BaseClass" name="@BeforeMethod getDriver" time="0.029">
    <failure type="java.lang.NullPointerException" message="Cannot invoke &amp;quot;String.hashCode()&amp;quot; because the return value of &amp;quot;classUtilities.BaseClass.getSetup(String)&amp;quot; is null">
      <![CDATA[java.lang.NullPointerException: Cannot invoke "String.hashCode()" because the return value of "classUtilities.BaseClass.getSetup(String)" is null
at classUtilities.BaseClass.getDriver(BaseClass.java:51)
at java.base/jdk.internal.reflect.NativeMethodAccessorImpl.invoke0(Native Method)
at java.base/jdk.internal.reflect.NativeMethodAccessorImpl.invoke(NativeMethodAccessorImpl.java:77)
at java.base/jdk.internal.reflect.DelegatingMethodAccessorImpl.invoke(DelegatingMethodAccessorImpl.java:43)
at java.base/java.lang.reflect.Method.invoke(Method.java:568)
at org.testng.internal.invokers.MethodInvocationHelper.invokeMethod(MethodInvocationHelper.java:139)
at org.testng.internal.invokers.MethodInvocationHelper.invokeMethodConsideringTimeout(MethodInvocationHelper.java:69)
at org.testng.internal.invokers.ConfigInvoker.invokeConfigurationMethod(ConfigInvoker.java:361)
at org.testng.internal.invokers.ConfigInvoker.invokeConfigurations(ConfigInvoker.java:296)
at org.testng.internal.invokers.TestInvoker.runConfigMethods(TestInvoker.java:816)
at org.testng.internal.invokers.TestInvoker.invokeMethod(TestInvoker.java:590)
at org.testng.internal.invokers.TestInvoker.invokeTestMethod(TestInvoker.java:221)
at org.testng.internal.invokers.MethodRunner.runInSequence(MethodRunner.java:50)
at org.testng.internal.invokers.TestInvoker$MethodInvocationAgent.invoke(TestInvoker.java:962)
at org.testng.internal.invokers.TestInvoker.invokeTestMethods(TestInvoker.java:194)
at org.testng.internal.invokers.TestMethodWorker.invokeTestMethods(TestMethodWorker.java:148)
at org.testng.internal.invokers.TestMethodWorker.run(TestMethodWorker.java:128)
at java.base/java.util.ArrayList.forEach(ArrayList.java:1511)
at org.testng.TestRunner.privateRun(TestRunner.java:806)
at org.testng.TestRunner.run(TestRunner.java:601)
at org.testng.SuiteRunner.runTest(SuiteRunner.java:433)
at org.testng.SuiteRunner.runSequentially(SuiteRunner.java:427)
at org.testng.SuiteRunner.privateRun(SuiteRunner.java:387)
at org.testng.SuiteRunner.run(SuiteRunner.java:330)
at org.testng.SuiteRunnerWorker.runSuite(SuiteRunnerWorker.java:52)
at org.testng.SuiteRunnerWorker.run(SuiteRunnerWorker.java:95)
at org.testng.TestNG.runSuitesSequentially(TestNG.java:1256)
at org.testng.TestNG.runSuitesLocally(TestNG.java:1176)
at org.testng.TestNG.runSuites(TestNG.java:1099)
at org.testng.TestNG.run(TestNG.java:1067)
at org.testng.remote.AbstractRemoteTestNG.run(AbstractRemoteTestNG.java:115)
at org.testng.remote.RemoteTestNG.initAndRun(RemoteTestNG.java:251)
at org.testng.remote.RemoteTestNG.main(RemoteTestNG.java:77)
]]>
    </failure>
  </testcase> <!-- @BeforeMethod getDriver -->
  <testcase classname="classUtilities.BaseClass" name="@AfterMethod tearDown" time="0.0">
    <skipped/>
  </testcase> <!-- @AfterMethod tearDown -->
  <testcase classname="testCases.HomePageTest" name="homeArrivalAddToBasketItemsCoupon" time="0.001">
    <skipped/>
  </testcase> <!-- homeArrivalAddToBasketItemsCoupon -->
  <testcase classname="testCases.HomePageTest" name="homeArrivalAddToBasketItemsCheckoutUpdateBasket" time="0.0">
    <ignored/>
  </testcase> <!-- homeArrivalAddToBasketItemsCheckoutUpdateBasket -->
  <testcase classname="testCases.HomePageTest" name="homepageArrivalsImagesAddToBasket" time="0.0">
    <ignored/>
  </testcase> <!-- homepageArrivalsImagesAddToBasket -->
  <testcase classname="testCases.HomePageTest" name="homeArrivalAddToBasketItemsCheckoutBookFinalPrice" time="0.0">
    <ignored/>
  </testcase> <!-- homeArrivalAddToBasketItemsCheckoutBookFinalPrice -->
  <testcase classname="testCases.HomePageTest" name="homeArrivalAddToBasketItemsCheckoutPaymentGateway" time="0.0">
    <ignored/>
  </testcase> <!-- homeArrivalAddToBasketItemsCheckoutPaymentGateway -->
  <testcase classname="testCases.HomePageTest" name="homeArrivalAddToBasketItemsCheckoutTotalAndSubTotalCondition" time="0.0">
    <ignored/>
  </testcase> <!-- homeArrivalAddToBasketItemsCheckoutTotalAndSubTotalCondition -->
  <testcase classname="testCases.HomePageTest" name="homePageArrivalAddToBasketWithMoreBooks" time="0.0">
    <ignored/>
  </testcase> <!-- homePageArrivalAddToBasketWithMoreBooks -->
  <testcase classname="testCases.HomePageTest" name="homeArrivalAddToBasketItemsCheckoutPaymentGatewayPlaceOrder" time="0.0">
    <ignored/>
  </testcase> <!-- homeArrivalAddToBasketItemsCheckoutPaymentGatewayPlaceOrder -->
  <testcase classname="testCases.HomePageTest" name="homePageWithThreeSliderOnly" time="0.0">
    <ignored/>
  </testcase> <!-- homePageWithThreeSliderOnly -->
  <testcase classname="testCases.HomePageTest" name="homeArrivalAddToBasketItemsCheckoutFunctionality" time="0.0">
    <ignored/>
  </testcase> <!-- homeArrivalAddToBasketItemsCheckoutFunctionality -->
  <testcase classname="testCases.HomePageTest" name="homeArrivalAddToBasketItems" time="0.0">
    <ignored/>
  </testcase> <!-- homeArrivalAddToBasketItems -->
  <testcase classname="testCases.HomePageTest" name="HomePageArrivalsImagesDescription" time="0.0">
    <ignored/>
  </testcase> <!-- HomePageArrivalsImagesDescription -->
  <testcase classname="testCases.HomePageTest" name="homeArrivalAddToBasketItemsAddBook" time="0.0">
    <ignored/>
  </testcase> <!-- homeArrivalAddToBasketItemsAddBook -->
  <testcase classname="testCases.HomePageTest" name="homeArrivalAddToBasketItemsCouponValueLessThan450" time="0.0">
    <ignored/>
  </testcase> <!-- homeArrivalAddToBasketItemsCouponValueLessThan450 -->
  <testcase classname="testCases.HomePageTest" name="homeArrivalAddToBasketItemsRemoveBook" time="0.0">
    <ignored/>
  </testcase> <!-- homeArrivalAddToBasketItemsRemoveBook -->
  <testcase classname="testCases.HomePageTest" name="HomePageArrivalsImagesReviews" time="0.0">
    <ignored/>
  </testcase> <!-- HomePageArrivalsImagesReviews -->
  <testcase classname="testCases.HomePageTest" name="HomePageImagesInArrialShouldNavigate" time="0.0">
    <ignored/>
  </testcase> <!-- HomePageImagesInArrialShouldNavigate -->
</testsuite> <!-- Default test -->
