<?xml version="1.0" encoding="UTF-8"?>
<!-- Generated by org.testng.reporters.JUnitReportReporter -->
<testsuite hostname="Anthonys-MacBook.local" failures="0" tests="18" name="testCases.HomePageTest" time="0.030" errors="1" timestamp="2022-11-21T02:36:32 EST" skipped="17">
  <testcase classname="testCases.HomePageTest" name="getDriver" time="0.029">
    <error message="Cannot invoke &quot;String.hashCode()&quot; because the return value of &quot;classUtilities.BaseClass.getSetup(String)&quot; is null" type="java.lang.NullPointerException">
      <![CDATA[java.lang.NullPointerException: Cannot invoke "String.hashCode()" because the return value of "classUtilities.BaseClass.getSetup(String)" is null
at classUtilities.BaseClass.getDriver(BaseClass.java:51)
at java.base/jdk.internal.reflect.NativeMethodAccessorImpl.invoke0(Native Method)
at java.base/jdk.internal.reflect.NativeMethodAccessorImpl.invoke(NativeMethodAccessorImpl.java:77)
at java.base/jdk.internal.reflect.DelegatingMethodAccessorImpl.invoke(DelegatingMethodAccessorImpl.java:43)
at java.base/java.lang.reflect.Method.invoke(Method.java:568)
at org.testng.internal.invokers.MethodInvocationHelper.invokeMethod(MethodInvocationHelper.java:139)
at org.testng.internal.invokers.MethodInvocationHelper.invokeMethodConsideringTimeout(MethodInvocationHelper.java:69)
at org.testng.internal.invokers.ConfigInvoker.invokeConfigurationMethod(ConfigInvoker.java:361)
at org.testng.internal.invokers.ConfigInvoker.invokeConfigurations(ConfigInvoker.java:296)
at org.testng.internal.invokers.TestInvoker.runConfigMethods(TestInvoker.java:816)
at org.testng.internal.invokers.TestInvoker.invokeMethod(TestInvoker.java:590)
at org.testng.internal.invokers.TestInvoker.invokeTestMethod(TestInvoker.java:221)
at org.testng.internal.invokers.MethodRunner.runInSequence(MethodRunner.java:50)
at org.testng.internal.invokers.TestInvoker$MethodInvocationAgent.invoke(TestInvoker.java:962)
at org.testng.internal.invokers.TestInvoker.invokeTestMethods(TestInvoker.java:194)
at org.testng.internal.invokers.TestMethodWorker.invokeTestMethods(TestMethodWorker.java:148)
at org.testng.internal.invokers.TestMethodWorker.run(TestMethodWorker.java:128)
at java.base/java.util.ArrayList.forEach(ArrayList.java:1511)
at org.testng.TestRunner.privateRun(TestRunner.java:806)
at org.testng.TestRunner.run(TestRunner.java:601)
at org.testng.SuiteRunner.runTest(SuiteRunner.java:433)
at org.testng.SuiteRunner.runSequentially(SuiteRunner.java:427)
at org.testng.SuiteRunner.privateRun(SuiteRunner.java:387)
at org.testng.SuiteRunner.run(SuiteRunner.java:330)
at org.testng.SuiteRunnerWorker.runSuite(SuiteRunnerWorker.java:52)
at org.testng.SuiteRunnerWorker.run(SuiteRunnerWorker.java:95)
at org.testng.TestNG.runSuitesSequentially(TestNG.java:1256)
at org.testng.TestNG.runSuitesLocally(TestNG.java:1176)
at org.testng.TestNG.runSuites(TestNG.java:1099)
at org.testng.TestNG.run(TestNG.java:1067)
at org.testng.remote.AbstractRemoteTestNG.run(AbstractRemoteTestNG.java:115)
at org.testng.remote.RemoteTestNG.initAndRun(RemoteTestNG.java:251)
at org.testng.remote.RemoteTestNG.main(RemoteTestNG.java:77)
]]>
    </error>
  </testcase> <!-- getDriver -->
  <system-out/>
  <testcase classname="testCases.HomePageTest" name="homeArrivalAddToBasketItemsCoupon" time="0.001">
    <skipped/>
  </testcase> <!-- homeArrivalAddToBasketItemsCoupon -->
  <system-out/>
  <testcase classname="testCases.HomePageTest" name="homeArrivalAddToBasketItemsCheckoutUpdateBasket">
    <skipped/>
  </testcase> <!-- homeArrivalAddToBasketItemsCheckoutUpdateBasket -->
  <system-out/>
  <testcase classname="testCases.HomePageTest" name="homepageArrivalsImagesAddToBasket">
    <skipped/>
  </testcase> <!-- homepageArrivalsImagesAddToBasket -->
  <system-out/>
  <testcase classname="testCases.HomePageTest" name="homeArrivalAddToBasketItemsCheckoutBookFinalPrice">
    <skipped/>
  </testcase> <!-- homeArrivalAddToBasketItemsCheckoutBookFinalPrice -->
  <system-out/>
  <testcase classname="testCases.HomePageTest" name="homeArrivalAddToBasketItemsCheckoutPaymentGateway">
    <skipped/>
  </testcase> <!-- homeArrivalAddToBasketItemsCheckoutPaymentGateway -->
  <system-out/>
  <testcase classname="testCases.HomePageTest" name="homeArrivalAddToBasketItemsCheckoutTotalAndSubTotalCondition">
    <skipped/>
  </testcase> <!-- homeArrivalAddToBasketItemsCheckoutTotalAndSubTotalCondition -->
  <system-out/>
  <testcase classname="testCases.HomePageTest" name="homePageArrivalAddToBasketWithMoreBooks">
    <skipped/>
  </testcase> <!-- homePageArrivalAddToBasketWithMoreBooks -->
  <system-out/>
  <testcase classname="testCases.HomePageTest" name="homeArrivalAddToBasketItemsCheckoutPaymentGatewayPlaceOrder">
    <skipped/>
  </testcase> <!-- homeArrivalAddToBasketItemsCheckoutPaymentGatewayPlaceOrder -->
  <system-out/>
  <testcase classname="testCases.HomePageTest" name="homePageWithThreeSliderOnly">
    <skipped/>
  </testcase> <!-- homePageWithThreeSliderOnly -->
  <system-out/>
  <testcase classname="testCases.HomePageTest" name="homeArrivalAddToBasketItemsCheckoutFunctionality">
    <skipped/>
  </testcase> <!-- homeArrivalAddToBasketItemsCheckoutFunctionality -->
  <system-out/>
  <testcase classname="testCases.HomePageTest" name="homeArrivalAddToBasketItems">
    <skipped/>
  </testcase> <!-- homeArrivalAddToBasketItems -->
  <system-out/>
  <testcase classname="testCases.HomePageTest" name="HomePageArrivalsImagesDescription">
    <skipped/>
  </testcase> <!-- HomePageArrivalsImagesDescription -->
  <system-out/>
  <testcase classname="testCases.HomePageTest" name="homeArrivalAddToBasketItemsAddBook">
    <skipped/>
  </testcase> <!-- homeArrivalAddToBasketItemsAddBook -->
  <system-out/>
  <testcase classname="testCases.HomePageTest" name="homeArrivalAddToBasketItemsCouponValueLessThan450">
    <skipped/>
  </testcase> <!-- homeArrivalAddToBasketItemsCouponValueLessThan450 -->
  <system-out/>
  <testcase classname="testCases.HomePageTest" name="homeArrivalAddToBasketItemsRemoveBook">
    <skipped/>
  </testcase> <!-- homeArrivalAddToBasketItemsRemoveBook -->
  <system-out/>
  <testcase classname="testCases.HomePageTest" name="HomePageArrivalsImagesReviews">
    <skipped/>
  </testcase> <!-- HomePageArrivalsImagesReviews -->
  <system-out/>
  <testcase classname="testCases.HomePageTest" name="HomePageImagesInArrialShouldNavigate">
    <skipped/>
  </testcase> <!-- HomePageImagesInArrialShouldNavigate -->
  <system-out/>
</testsuite> <!-- testCases.HomePageTest -->
